Arguments: 
  /home/shehryar/nodejs/bin/node /home/shehryar/nodejs/bin/yarn install

PATH: 
  /home/shehryar/nodejs/bin:/home/shehryar/.nvm/versions/node/v14.17.0/bin:/home/shehryar/.local/bin:/usr/local/sbin:/usr/local/bin:/usr/sbin:/usr/bin:/sbin:/bin:/usr/games:/usr/local/games:/snap/bin

Yarn version: 
  1.22.19

Node version: 
  16.16.0

Platform: 
  linux x64

Trace: 
  SyntaxError: /home/shehryar/Desktop/Sample/package.json: Unexpected token } in JSON at position 454
      at JSON.parse (<anonymous>)
      at /home/shehryar/nodejs/lib/node_modules/yarn/lib/cli.js:1629:59
      at Generator.next (<anonymous>)
      at step (/home/shehryar/nodejs/lib/node_modules/yarn/lib/cli.js:310:30)
      at /home/shehryar/nodejs/lib/node_modules/yarn/lib/cli.js:321:13

npm manifest: 
  {
    "name": "livekit-client",
    "version": "1.12.1",
    "description": "JavaScript/TypeScript client SDK for LiveKit",
    "main": "./dist/livekit-client.umd.js",
    "repository": "git@github.com:livekit/client-sdk-js.git",
    "author": "Shehryar Hassan",
    "license": "Apache-2.0",
    "scripts": {
      "sample": "vite source -c vite.config.js"
    },
    "dependencies": {
      "file-saver": "^2.0.5",
      "livekit-client": "^1.12.2",
      "recordrtc": "^5.6.2",
    },
    "devDependencies": {
      "@babel/core": "7.22.1",
      "@rollup/plugin-babel": "6.0.3",
      "@types/file-saver": "^2.0.5",
      "@types/recordrtc": "^5.6.11",
      "jsdom": "^22.1.0",
      "rollup-plugin-re": "1.0.7",
      "vite": "4.3.9"
    }
  }

yarn manifest: 
  No manifest

Lockfile: 
  # THIS IS AN AUTOGENERATED FILE. DO NOT EDIT THIS FILE DIRECTLY.
  # yarn lockfile v1
